build/app/intermediates/manifest_merge_blame_file/debug/manifest-merger-blame-debug-report.txt
1<?xml version="1.0" encoding="utf-8"?>
2<manifest xmlns:android="http://schemas.android.com/apk/res/android"
3    package="com.risfat.animaliya"
4    android:versionCode="1"
5    android:versionName="1.0.0" >
6
7    <uses-sdk
8        android:minSdkVersion="19"
9        android:targetSdkVersion="33" />
10    <!--
11         Flutter needs it to communicate with the running application
12         to allow setting breakpoints, to provide hot reload, etc.
13    -->
14    <uses-permission android:name="android.permission.INTERNET" />
14-->src\main\AndroidManifest.xml:3:5-67
14-->src\main\AndroidManifest.xml:3:22-64
15    <uses-permission android:name="android.permission.ACCESS_NETWORK_STATE" />
15-->src\main\AndroidManifest.xml:4:5-79
15-->src\main\AndroidManifest.xml:4:22-76
16    <uses-permission android:name="android.permission.WAKE_LOCK" />
16-->[com.google.android.gms:play-services-measurement-api:21.2.1] AndroidManifest.xml:24:5-68
16-->[com.google.android.gms:play-services-measurement-api:21.2.1] AndroidManifest.xml:24:22-65
17    <uses-permission android:name="com.google.android.gms.permission.AD_ID" />
17-->[com.google.android.gms:play-services-measurement-api:21.2.1] AndroidManifest.xml:25:5-79
17-->[com.google.android.gms:play-services-measurement-api:21.2.1] AndroidManifest.xml:25:22-76
18    <uses-permission android:name="com.google.android.finsky.permission.BIND_GET_INSTALL_REFERRER_SERVICE" />
18-->[com.google.android.gms:play-services-measurement:21.2.1] AndroidManifest.xml:26:5-110
18-->[com.google.android.gms:play-services-measurement:21.2.1] AndroidManifest.xml:26:22-107
19
20    <application
20-->src\main\AndroidManifest.xml:5:4-44:19
21        android:name="androidx.multidex.MultiDexApplication"
22        android:appComponentFactory="androidx.core.app.CoreComponentFactory"
22-->[androidx.core:core:1.6.0] AndroidManifest.xml:24:18-86
23        android:debuggable="true"
24        android:icon="@mipmap/ic_launcher"
24-->src\main\AndroidManifest.xml:7:9-43
25        android:label="Animalia" >
25-->src\main\AndroidManifest.xml:6:9-33
26        <activity
26-->src\main\AndroidManifest.xml:8:9-38:20
27            android:name="com.risfat.animaliya.MainActivity"
27-->src\main\AndroidManifest.xml:9:13-41
28            android:configChanges="orientation|keyboardHidden|keyboard|screenSize|smallestScreenSize|locale|layoutDirection|fontScale|screenLayout|density|uiMode"
28-->src\main\AndroidManifest.xml:12:13-163
29            android:exported="true"
29-->src\main\AndroidManifest.xml:14:13-36
30            android:hardwareAccelerated="true"
30-->src\main\AndroidManifest.xml:13:13-47
31            android:launchMode="singleTop"
31-->src\main\AndroidManifest.xml:10:13-43
32            android:theme="@style/LaunchTheme"
32-->src\main\AndroidManifest.xml:11:13-47
33            android:usesCleartextTraffic="true"
33-->src\main\AndroidManifest.xml:15:13-48
34            android:windowSoftInputMode="adjustResize" >
34-->src\main\AndroidManifest.xml:16:13-55
35
36            <!--
37                 Specifies an Android theme to apply to this Activity as soon as
38                 the Android process has started. This theme is visible to the user
39                 while the Flutter UI initializes. After that, this theme continues
40                 to determine the Window background behind the Flutter UI.
41            -->
42            <meta-data
42-->src\main\AndroidManifest.xml:21:13-24:17
43                android:name="io.flutter.embedding.android.NormalTheme"
43-->src\main\AndroidManifest.xml:22:15-70
44                android:resource="@style/NormalTheme" />
44-->src\main\AndroidManifest.xml:23:15-52
45            <!--
46                 Displays an Android View that continues showing the launch screen
47                 Drawable until Flutter paints its first frame, then this splash
48                 screen fades out. A splash screen is useful to avoid any visual
49                 gap between the end of Android's launch screen and the painting of
50                 Flutter's first frame.
51            -->
52            <meta-data
52-->src\main\AndroidManifest.xml:30:13-33:17
53                android:name="io.flutter.embedding.android.SplashScreenDrawable"
53-->src\main\AndroidManifest.xml:31:15-79
54                android:resource="@drawable/launch_background" />
54-->src\main\AndroidManifest.xml:32:15-61
55
56            <intent-filter>
56-->src\main\AndroidManifest.xml:34:13-37:29
57                <action android:name="android.intent.action.MAIN" />
57-->src\main\AndroidManifest.xml:35:17-68
57-->src\main\AndroidManifest.xml:35:25-66
58
59                <category android:name="android.intent.category.LAUNCHER" />
59-->src\main\AndroidManifest.xml:36:17-76
59-->src\main\AndroidManifest.xml:36:27-74
60            </intent-filter>
61        </activity>
62        <!--
63             Don't delete the meta-data below.
64             This is used by the Flutter tool to generate GeneratedPluginRegistrant.java
65        -->
66        <meta-data
66-->src\main\AndroidManifest.xml:41:9-43:33
67            android:name="flutterEmbedding"
67-->src\main\AndroidManifest.xml:42:13-44
68            android:value="2" />
68-->src\main\AndroidManifest.xml:43:13-30
69
70        <service
70-->[:firebase_auth] AndroidManifest.xml:10:9-14:19
71            android:name="com.google.firebase.components.ComponentDiscoveryService"
71-->[:firebase_auth] AndroidManifest.xml:10:18-89
72            android:directBootAware="true"
72-->[com.google.firebase:firebase-common:20.3.2] AndroidManifest.xml:34:13-43
73            android:exported="false" >
73-->[com.google.firebase:firebase-auth:21.2.0] AndroidManifest.xml:68:13-37
74            <meta-data
74-->[:firebase_auth] AndroidManifest.xml:11:13-13:85
75                android:name="com.google.firebase.components:io.flutter.plugins.firebase.auth.FlutterFirebaseAuthRegistrar"
75-->[:firebase_auth] AndroidManifest.xml:12:17-124
76                android:value="com.google.firebase.components.ComponentRegistrar" />
76-->[:firebase_auth] AndroidManifest.xml:13:17-82
77            <meta-data
77-->[:cloud_firestore] AndroidManifest.xml:11:13-13:85
78                android:name="com.google.firebase.components:io.flutter.plugins.firebase.firestore.FlutterFirebaseFirestoreRegistrar"
78-->[:cloud_firestore] AndroidManifest.xml:12:17-134
79                android:value="com.google.firebase.components.ComponentRegistrar" />
79-->[:cloud_firestore] AndroidManifest.xml:13:17-82
80            <meta-data
80-->[:firebase_core] AndroidManifest.xml:11:13-13:85
81                android:name="com.google.firebase.components:io.flutter.plugins.firebase.core.FlutterFirebaseCoreRegistrar"
81-->[:firebase_core] AndroidManifest.xml:12:17-124
82                android:value="com.google.firebase.components.ComponentRegistrar" />
82-->[:firebase_core] AndroidManifest.xml:13:17-82
83            <meta-data
83-->[com.google.firebase:firebase-auth:21.2.0] AndroidManifest.xml:69:13-71:85
84                android:name="com.google.firebase.components:com.google.firebase.auth.FirebaseAuthRegistrar"
84-->[com.google.firebase:firebase-auth:21.2.0] AndroidManifest.xml:70:17-109
85                android:value="com.google.firebase.components.ComponentRegistrar" />
85-->[com.google.firebase:firebase-auth:21.2.0] AndroidManifest.xml:71:17-82
86            <meta-data
86-->[com.google.firebase:firebase-firestore:24.4.5] AndroidManifest.xml:19:13-21:85
87                android:name="com.google.firebase.components:com.google.firebase.firestore.FirestoreRegistrar"
87-->[com.google.firebase:firebase-firestore:24.4.5] AndroidManifest.xml:20:17-111
88                android:value="com.google.firebase.components.ComponentRegistrar" />
88-->[com.google.firebase:firebase-firestore:24.4.5] AndroidManifest.xml:21:17-82
89            <meta-data
89-->[com.google.firebase:firebase-storage:20.1.0] AndroidManifest.xml:32:13-34:85
90                android:name="com.google.firebase.components:com.google.firebase.storage.StorageRegistrar"
90-->[com.google.firebase:firebase-storage:20.1.0] AndroidManifest.xml:33:17-107
91                android:value="com.google.firebase.components.ComponentRegistrar" />
91-->[com.google.firebase:firebase-storage:20.1.0] AndroidManifest.xml:34:17-82
92            <meta-data
92-->[com.google.android.gms:play-services-measurement-api:21.2.1] AndroidManifest.xml:31:13-33:85
93                android:name="com.google.firebase.components:com.google.firebase.analytics.connector.internal.AnalyticsConnectorRegistrar"
93-->[com.google.android.gms:play-services-measurement-api:21.2.1] AndroidManifest.xml:32:17-139
94                android:value="com.google.firebase.components.ComponentRegistrar" />
94-->[com.google.android.gms:play-services-measurement-api:21.2.1] AndroidManifest.xml:33:17-82
95            <meta-data
95-->[com.google.firebase:firebase-installations:17.1.3] AndroidManifest.xml:17:13-19:85
96                android:name="com.google.firebase.components:com.google.firebase.installations.FirebaseInstallationsRegistrar"
96-->[com.google.firebase:firebase-installations:17.1.3] AndroidManifest.xml:18:17-127
97                android:value="com.google.firebase.components.ComponentRegistrar" />
97-->[com.google.firebase:firebase-installations:17.1.3] AndroidManifest.xml:19:17-82
98        </service>
99
100        <activity
100-->[:url_launcher_android] AndroidManifest.xml:10:9-13:74
101            android:name="io.flutter.plugins.urllauncher.WebViewActivity"
101-->[:url_launcher_android] AndroidManifest.xml:11:13-74
102            android:exported="false"
102-->[:url_launcher_android] AndroidManifest.xml:12:13-37
103            android:theme="@android:style/Theme.NoTitleBar.Fullscreen" />
103-->[:url_launcher_android] AndroidManifest.xml:13:13-71
104
105        <provider
105-->[:share] AndroidManifest.xml:10:9-18:20
106            android:name="io.flutter.plugins.share.ShareFileProvider"
106-->[:share] AndroidManifest.xml:11:13-70
107            android:authorities="com.risfat.animaliya.flutter.share_provider"
107-->[:share] AndroidManifest.xml:12:13-74
108            android:exported="false"
108-->[:share] AndroidManifest.xml:13:13-37
109            android:grantUriPermissions="true" >
109-->[:share] AndroidManifest.xml:14:13-47
110            <meta-data
110-->[:share] AndroidManifest.xml:15:13-17:68
111                android:name="android.support.FILE_PROVIDER_PATHS"
111-->[:share] AndroidManifest.xml:16:17-67
112                android:resource="@xml/flutter_share_file_paths" />
112-->[:share] AndroidManifest.xml:17:17-65
113        </provider>
114
115        <activity
115-->[com.google.firebase:firebase-auth:21.2.0] AndroidManifest.xml:29:9-46:20
116            android:name="com.google.firebase.auth.internal.GenericIdpActivity"
116-->[com.google.firebase:firebase-auth:21.2.0] AndroidManifest.xml:30:13-80
117            android:excludeFromRecents="true"
117-->[com.google.firebase:firebase-auth:21.2.0] AndroidManifest.xml:31:13-46
118            android:exported="true"
118-->[com.google.firebase:firebase-auth:21.2.0] AndroidManifest.xml:32:13-36
119            android:launchMode="singleTask"
119-->[com.google.firebase:firebase-auth:21.2.0] AndroidManifest.xml:33:13-44
120            android:theme="@android:style/Theme.Translucent.NoTitleBar" >
120-->[com.google.firebase:firebase-auth:21.2.0] AndroidManifest.xml:34:13-72
121            <intent-filter>
121-->[com.google.firebase:firebase-auth:21.2.0] AndroidManifest.xml:35:13-45:29
122                <action android:name="android.intent.action.VIEW" />
122-->[com.google.firebase:firebase-auth:21.2.0] AndroidManifest.xml:36:17-69
122-->[com.google.firebase:firebase-auth:21.2.0] AndroidManifest.xml:36:25-66
123
124                <category android:name="android.intent.category.DEFAULT" />
124-->[com.google.firebase:firebase-auth:21.2.0] AndroidManifest.xml:38:17-76
124-->[com.google.firebase:firebase-auth:21.2.0] AndroidManifest.xml:38:27-73
125                <category android:name="android.intent.category.BROWSABLE" />
125-->[com.google.firebase:firebase-auth:21.2.0] AndroidManifest.xml:39:17-78
125-->[com.google.firebase:firebase-auth:21.2.0] AndroidManifest.xml:39:27-75
126
127                <data
127-->[com.google.firebase:firebase-auth:21.2.0] AndroidManifest.xml:41:17-44:51
128                    android:host="firebase.auth"
128-->[com.google.firebase:firebase-auth:21.2.0] AndroidManifest.xml:42:21-49
129                    android:path="/"
129-->[com.google.firebase:firebase-auth:21.2.0] AndroidManifest.xml:43:21-37
130                    android:scheme="genericidp" />
130-->[com.google.firebase:firebase-auth:21.2.0] AndroidManifest.xml:44:21-48
131            </intent-filter>
132        </activity>
133        <activity
133-->[com.google.firebase:firebase-auth:21.2.0] AndroidManifest.xml:47:9-64:20
134            android:name="com.google.firebase.auth.internal.RecaptchaActivity"
134-->[com.google.firebase:firebase-auth:21.2.0] AndroidManifest.xml:48:13-79
135            android:excludeFromRecents="true"
135-->[com.google.firebase:firebase-auth:21.2.0] AndroidManifest.xml:49:13-46
136            android:exported="true"
136-->[com.google.firebase:firebase-auth:21.2.0] AndroidManifest.xml:50:13-36
137            android:launchMode="singleTask"
137-->[com.google.firebase:firebase-auth:21.2.0] AndroidManifest.xml:51:13-44
138            android:theme="@android:style/Theme.Translucent.NoTitleBar" >
138-->[com.google.firebase:firebase-auth:21.2.0] AndroidManifest.xml:52:13-72
139            <intent-filter>
139-->[com.google.firebase:firebase-auth:21.2.0] AndroidManifest.xml:53:13-63:29
140                <action android:name="android.intent.action.VIEW" />
140-->[com.google.firebase:firebase-auth:21.2.0] AndroidManifest.xml:36:17-69
140-->[com.google.firebase:firebase-auth:21.2.0] AndroidManifest.xml:36:25-66
141
142                <category android:name="android.intent.category.DEFAULT" />
142-->[com.google.firebase:firebase-auth:21.2.0] AndroidManifest.xml:38:17-76
142-->[com.google.firebase:firebase-auth:21.2.0] AndroidManifest.xml:38:27-73
143                <category android:name="android.intent.category.BROWSABLE" />
143-->[com.google.firebase:firebase-auth:21.2.0] AndroidManifest.xml:39:17-78
143-->[com.google.firebase:firebase-auth:21.2.0] AndroidManifest.xml:39:27-75
144
145                <data
145-->[com.google.firebase:firebase-auth:21.2.0] AndroidManifest.xml:41:17-44:51
146                    android:host="firebase.auth"
146-->[com.google.firebase:firebase-auth:21.2.0] AndroidManifest.xml:42:21-49
147                    android:path="/"
147-->[com.google.firebase:firebase-auth:21.2.0] AndroidManifest.xml:43:21-37
148                    android:scheme="recaptcha" />
148-->[com.google.firebase:firebase-auth:21.2.0] AndroidManifest.xml:44:21-48
149            </intent-filter>
150        </activity>
151
152        <uses-library
152-->[androidx.window:window:1.0.0-beta04] AndroidManifest.xml:25:9-27:40
153            android:name="androidx.window.extensions"
153-->[androidx.window:window:1.0.0-beta04] AndroidManifest.xml:26:13-54
154            android:required="false" />
154-->[androidx.window:window:1.0.0-beta04] AndroidManifest.xml:27:13-37
155        <uses-library
155-->[androidx.window:window:1.0.0-beta04] AndroidManifest.xml:28:9-30:40
156            android:name="androidx.window.sidecar"
156-->[androidx.window:window:1.0.0-beta04] AndroidManifest.xml:29:13-51
157            android:required="false" />
157-->[androidx.window:window:1.0.0-beta04] AndroidManifest.xml:30:13-37
158
159        <provider
159-->[com.google.firebase:firebase-common:20.3.2] AndroidManifest.xml:25:9-30:39
160            android:name="com.google.firebase.provider.FirebaseInitProvider"
160-->[com.google.firebase:firebase-common:20.3.2] AndroidManifest.xml:26:13-77
161            android:authorities="com.risfat.animaliya.firebaseinitprovider"
161-->[com.google.firebase:firebase-common:20.3.2] AndroidManifest.xml:27:13-72
162            android:directBootAware="true"
162-->[com.google.firebase:firebase-common:20.3.2] AndroidManifest.xml:28:13-43
163            android:exported="false"
163-->[com.google.firebase:firebase-common:20.3.2] AndroidManifest.xml:29:13-37
164            android:initOrder="100" />
164-->[com.google.firebase:firebase-common:20.3.2] AndroidManifest.xml:30:13-36
165
166        <receiver
166-->[com.google.android.gms:play-services-measurement:21.2.1] AndroidManifest.xml:29:9-33:20
167            android:name="com.google.android.gms.measurement.AppMeasurementReceiver"
167-->[com.google.android.gms:play-services-measurement:21.2.1] AndroidManifest.xml:30:13-85
168            android:enabled="true"
168-->[com.google.android.gms:play-services-measurement:21.2.1] AndroidManifest.xml:31:13-35
169            android:exported="false" >
169-->[com.google.android.gms:play-services-measurement:21.2.1] AndroidManifest.xml:32:13-37
170        </receiver>
171
172        <service
172-->[com.google.android.gms:play-services-measurement:21.2.1] AndroidManifest.xml:35:9-38:40
173            android:name="com.google.android.gms.measurement.AppMeasurementService"
173-->[com.google.android.gms:play-services-measurement:21.2.1] AndroidManifest.xml:36:13-84
174            android:enabled="true"
174-->[com.google.android.gms:play-services-measurement:21.2.1] AndroidManifest.xml:37:13-35
175            android:exported="false" />
175-->[com.google.android.gms:play-services-measurement:21.2.1] AndroidManifest.xml:38:13-37
176        <service
176-->[com.google.android.gms:play-services-measurement:21.2.1] AndroidManifest.xml:39:9-43:72
177            android:name="com.google.android.gms.measurement.AppMeasurementJobService"
177-->[com.google.android.gms:play-services-measurement:21.2.1] AndroidManifest.xml:40:13-87
178            android:enabled="true"
178-->[com.google.android.gms:play-services-measurement:21.2.1] AndroidManifest.xml:41:13-35
179            android:exported="false"
179-->[com.google.android.gms:play-services-measurement:21.2.1] AndroidManifest.xml:42:13-37
180            android:permission="android.permission.BIND_JOB_SERVICE" />
180-->[com.google.android.gms:play-services-measurement:21.2.1] AndroidManifest.xml:43:13-69
181
182        <activity
182-->[com.google.android.gms:play-services-base:18.0.1] AndroidManifest.xml:20:9-22:45
183            android:name="com.google.android.gms.common.api.GoogleApiActivity"
183-->[com.google.android.gms:play-services-base:18.0.1] AndroidManifest.xml:20:19-85
184            android:exported="false"
184-->[com.google.android.gms:play-services-base:18.0.1] AndroidManifest.xml:22:19-43
185            android:theme="@android:style/Theme.Translucent.NoTitleBar" />
185-->[com.google.android.gms:play-services-base:18.0.1] AndroidManifest.xml:21:19-78
186
187        <meta-data
187-->[com.google.android.gms:play-services-basement:18.1.0] AndroidManifest.xml:21:9-23:69
188            android:name="com.google.android.gms.version"
188-->[com.google.android.gms:play-services-basement:18.1.0] AndroidManifest.xml:22:13-58
189            android:value="@integer/google_play_services_version" />
189-->[com.google.android.gms:play-services-basement:18.1.0] AndroidManifest.xml:23:13-66
190    </application>
191
192</manifest>